<?xml version="1.0" encoding="UTF-8"?>
<testsuite name="com.mongodb.spark.sql.connector.read.partitioner.PartitionerHelperTest" tests="2" skipped="2" failures="0" errors="0" timestamp="2025-03-19T06:44:42" hostname="ML-C02FG5AWMD6P" time="0.001">
  <properties/>
  <testcase name="testCollStats()" classname="com.mongodb.spark.sql.connector.read.partitioner.PartitionerHelperTest" time="0.001">
    <skipped/>
  </testcase>
  <testcase name="shouldLogCommentsInProfilerLogs()" classname="com.mongodb.spark.sql.connector.read.partitioner.PartitionerHelperTest" time="0.0">
    <skipped/>
  </testcase>
  <system-out><![CDATA[]]></system-out>
  <system-err><![CDATA[]]></system-err>
</testsuite>
