<?xml version="1.0" encoding="UTF-8"?>
<testsuite name="com.mongodb.spark.sql.connector.read.partitioner.SinglePartitionerTest" tests="4" skipped="4" failures="0" errors="0" timestamp="2025-03-19T06:46:12" hostname="ML-C02FG5AWMD6P" time="0.0">
  <properties/>
  <testcase name="testCreatesExpectedPartitions()" classname="com.mongodb.spark.sql.connector.read.partitioner.SinglePartitionerTest" time="0.0">
    <skipped/>
  </testcase>
  <testcase name="testUsingAlternativePartitionFieldList()" classname="com.mongodb.spark.sql.connector.read.partitioner.SinglePartitionerTest" time="0.0">
    <skipped/>
  </testcase>
  <testcase name="testCreatesExpectedPartitionsWithUsersPipeline()" classname="com.mongodb.spark.sql.connector.read.partitioner.SinglePartitionerTest" time="0.0">
    <skipped/>
  </testcase>
  <testcase name="testNonExistentCollection()" classname="com.mongodb.spark.sql.connector.read.partitioner.SinglePartitionerTest" time="0.0">
    <skipped/>
  </testcase>
  <system-out><![CDATA[]]></system-out>
  <system-err><![CDATA[]]></system-err>
</testsuite>
