<?xml version="1.0" encoding="UTF-8"?>
<testsuite name="com.mongodb.spark.sql.connector.RoundTripTest" tests="4" skipped="4" failures="0" errors="0" timestamp="2025-03-19T06:41:42" hostname="ML-C02FG5AWMD6P" time="0.0">
  <properties/>
  <testcase name="testPrimitiveBean()" classname="com.mongodb.spark.sql.connector.RoundTripTest" time="0.0">
    <skipped/>
  </testcase>
  <testcase name="testComplexBean()" classname="com.mongodb.spark.sql.connector.RoundTripTest" time="0.0">
    <skipped/>
  </testcase>
  <testcase name="testDateTimeBean()" classname="com.mongodb.spark.sql.connector.RoundTripTest" time="0.0">
    <skipped/>
  </testcase>
  <testcase name="testBoxedBean()" classname="com.mongodb.spark.sql.connector.RoundTripTest" time="0.0">
    <skipped/>
  </testcase>
  <system-out><![CDATA[]]></system-out>
  <system-err><![CDATA[]]></system-err>
</testsuite>
