<?xml version="1.0" encoding="UTF-8"?>
<testsuite name="com.mongodb.spark.sql.connector.MongoTableProviderTest" tests="2" skipped="0" failures="0" errors="0" timestamp="2025-03-19T06:40:34" hostname="ML-C02FG5AWMD6P" time="0.656">
  <properties/>
  <testcase name="testMongoTableProvider()" classname="com.mongodb.spark.sql.connector.MongoTableProviderTest" time="0.417"/>
  <testcase name="testMongoTableProviderGetTable()" classname="com.mongodb.spark.sql.connector.MongoTableProviderTest" time="0.238"/>
  <system-out><![CDATA[]]></system-out>
  <system-err><![CDATA[]]></system-err>
</testsuite>
