<?xml version="1.0" encoding="UTF-8"?>
<testsuite name="com.mongodb.spark.sql.connector.config.SimpleMongoConfigTest" tests="2" skipped="0" failures="0" errors="0" timestamp="2025-03-19T06:40:35" hostname="ML-C02FG5AWMD6P" time="0.001">
  <properties/>
  <testcase name="configsCreateForSameMapAreEqual()" classname="com.mongodb.spark.sql.connector.config.SimpleMongoConfigTest" time="0.0"/>
  <testcase name="createSimpleConfig()" classname="com.mongodb.spark.sql.connector.config.SimpleMongoConfigTest" time="0.001"/>
  <system-out><![CDATA[]]></system-out>
  <system-err><![CDATA[]]></system-err>
</testsuite>
