<?xml version="1.0" encoding="UTF-8"?>
<testsuite name="com.mongodb.spark.sql.connector.read.MongoScanTest" tests="1" skipped="0" failures="0" errors="0" timestamp="2025-03-19T06:40:37" hostname="ML-C02FG5AWMD6P" time="2.062">
  <properties/>
  <testcase name="toBatch()" classname="com.mongodb.spark.sql.connector.read.MongoScanTest" time="2.062"/>
  <system-out><![CDATA[]]></system-out>
  <system-err><![CDATA[Using Spark's default log4j profile: org/apache/spark/log4j2-defaults.properties
]]></system-err>
</testsuite>
