<?xml version="1.0" encoding="UTF-8"?>
<testsuite name="com.mongodb.spark.sql.connector.read.MongoOffsetTest" tests="3" skipped="0" failures="0" errors="0" timestamp="2025-03-19T06:40:37" hostname="ML-C02FG5AWMD6P" time="0.005">
  <properties/>
  <testcase name="testProducesTheExpectedOffsets()" classname="com.mongodb.spark.sql.connector.read.MongoOffsetTest" time="0.001"/>
  <testcase name="testValidation()" classname="com.mongodb.spark.sql.connector.read.MongoOffsetTest" time="0.002"/>
  <testcase name="testGetInitialConfig()" classname="com.mongodb.spark.sql.connector.read.MongoOffsetTest" time="0.002"/>
  <system-out><![CDATA[]]></system-out>
  <system-err><![CDATA[]]></system-err>
</testsuite>
