<?xml version="1.0" encoding="UTF-8"?>
<testsuite name="com.mongodb.spark.sql.connector.config.CollectionsConfigTest" tests="1" skipped="0" failures="0" errors="0" timestamp="2025-03-19T06:40:35" hostname="ML-C02FG5AWMD6P" time="0.008">
  <properties/>
  <testcase name="parse()" classname="com.mongodb.spark.sql.connector.config.CollectionsConfigTest" time="0.008"/>
  <system-out><![CDATA[]]></system-out>
  <system-err><![CDATA[]]></system-err>
</testsuite>
