<?xml version="1.0" encoding="UTF-8"?>
<testsuite name="com.mongodb.spark.sql.connector.read.ResumeTokenTimestampHelperTest" tests="3" skipped="0" failures="0" errors="0" timestamp="2025-03-19T06:40:39" hostname="ML-C02FG5AWMD6P" time="0.004">
  <properties/>
  <testcase name="testValidResumeTokenVersion1()" classname="com.mongodb.spark.sql.connector.read.ResumeTokenTimestampHelperTest" time="0.002"/>
  <testcase name="testValidResumeTokenVersion2()" classname="com.mongodb.spark.sql.connector.read.ResumeTokenTimestampHelperTest" time="0.001"/>
  <testcase name="testInvalidResumeToken()" classname="com.mongodb.spark.sql.connector.read.ResumeTokenTimestampHelperTest" time="0.001"/>
  <system-out><![CDATA[]]></system-out>
  <system-err><![CDATA[]]></system-err>
</testsuite>
