<?xml version="1.0" encoding="UTF-8"?>
<testsuite name="com.mongodb.spark.sql.connector.connection.MongoClientCacheTest" tests="9" skipped="2" failures="0" errors="0" timestamp="2025-03-19T06:40:35" hostname="ML-C02FG5AWMD6P" time="2.026">
  <properties/>
  <testcase name="factoriesWithEqualReadWriteConfigsCreateNotSameClientsThroughCache()" classname="com.mongodb.spark.sql.connector.connection.MongoClientCacheTest" time="0.521"/>
  <testcase name="factoriesWithSameSimpleConfigCreateSameClientsThroughCache()" classname="com.mongodb.spark.sql.connector.connection.MongoClientCacheTest" time="0.001">
    <skipped/>
  </testcase>
  <testcase name="testKeepAliveReuseOfClient()" classname="com.mongodb.spark.sql.connector.connection.MongoClientCacheTest" time="1.28"/>
  <testcase name="testNormalUseCase()" classname="com.mongodb.spark.sql.connector.connection.MongoClientCacheTest" time="0.207"/>
  <testcase name="factoriesWithSameConfigCreateSameClientsThroughCache()" classname="com.mongodb.spark.sql.connector.connection.MongoClientCacheTest" time="0.004"/>
  <testcase name="testShutdown()" classname="com.mongodb.spark.sql.connector.connection.MongoClientCacheTest" time="0.004"/>
  <testcase name="factoriesWithEqualSimpleConfigsCreateSameClientsThroughCache()" classname="com.mongodb.spark.sql.connector.connection.MongoClientCacheTest" time="0.0">
    <skipped/>
  </testcase>
  <testcase name="factoriesWithEqualReadConfigsCreateSameClientsThroughCache()" classname="com.mongodb.spark.sql.connector.connection.MongoClientCacheTest" time="0.003"/>
  <testcase name="factoriesWithEqualWriteConfigsCreateNotSameClientsThroughCache()" classname="com.mongodb.spark.sql.connector.connection.MongoClientCacheTest" time="0.003"/>
  <system-out><![CDATA[]]></system-out>
  <system-err><![CDATA[]]></system-err>
</testsuite>
