<?xml version="1.0" encoding="UTF-8"?>
<testsuite name="com.mongodb.spark.sql.connector.connection.DefaultMongoClientFactoryTest" tests="2" skipped="0" failures="0" errors="0" timestamp="2025-03-19T06:40:35" hostname="ML-C02FG5AWMD6P" time="0.139">
  <properties/>
  <testcase name="factoriesWithSameConfigCreateClientsWithEqualSettings()" classname="com.mongodb.spark.sql.connector.connection.DefaultMongoClientFactoryTest" time="0.131"/>
  <testcase name="factoriesWithSameConfigCreateNotSameClients()" classname="com.mongodb.spark.sql.connector.connection.DefaultMongoClientFactoryTest" time="0.007"/>
  <system-out><![CDATA[]]></system-out>
  <system-err><![CDATA[]]></system-err>
</testsuite>
